<?xml version="1.0" encoding="UTF-8"?>
<!-- Generated by org.testng.reporters.JUnitReportReporter -->
<testsuite hostname="Sidh-PC" failures="0" tests="1" name="com.herokuapp.theinternet.GithubTests" time="20.548" errors="0" timestamp="2021-01-20T22:57:35 CET" skipped="0">
  <testcase classname="com.herokuapp.theinternet.GithubTests" name="githubTest" time="20.548"/>
  <system-out/>
</testsuite> <!-- com.herokuapp.theinternet.GithubTests -->
